Build started 1/4/2013 6:47:20 PM.
     1>Project "C:\Users\micah\Documents\Visual Studio 2010\Projects\Collision\784\784.vcxproj" on node 2 (build target(s)).
     1>PrepareForBuild:
         Creating directory "C:\Users\micah\Documents\Visual Studio 2010\Projects\Collision\Release\".
       InitializeBuildStatus:
         Creating "Release\collision.unsuccessfulbuild" because "AlwaysCreate" was specified.
       ClCompile:
         c:\Program Files (x86)\Microsoft Visual Studio 10.0\VC\bin\CL.exe /c /I"C:\Users\micah\Documents\Visual Studio 2010\Projects\Collision\784\\include" /Zi /nologo /W3 /WX- /O2 /Oi /Oy- /GL /D _MBCS /Gm- /EHsc /MD /GS /Gy /fp:precise /Zc:wchar_t /Zc:forScope /openmp /Fo"Release\\" /Fd"Release\vc100.pdb" /Gd /TP /analyze- /errorReport:prompt Clock.cpp helpers.cc main.cpp GLState.cpp
         Clock.cpp
         helpers.cc
     1>C:\Users\micah\Documents\Visual Studio 2010\Projects\Collision\784\include\GL/glui.h(868): warning C4244: 'argument' : conversion from 'double' to 'GLfloat', possible loss of data
     1>C:\Users\micah\Documents\Visual Studio 2010\Projects\Collision\784\include\GL/glui.h(868): warning C4244: 'argument' : conversion from 'double' to 'GLfloat', possible loss of data
     1>c:\users\micah\documents\visual studio 2010\projects\collision\784\Viewport.h(25): warning C4244: '=' : conversion from 'float' to 'GLint', possible loss of data
     1>c:\users\micah\documents\visual studio 2010\projects\collision\784\Viewport.h(26): warning C4244: '=' : conversion from 'float' to 'GLint', possible loss of data
     1>c:\users\micah\documents\visual studio 2010\projects\collision\784\Viewport.h(27): warning C4244: '=' : conversion from 'float' to 'GLint', possible loss of data
     1>c:\users\micah\documents\visual studio 2010\projects\collision\784\Viewport.h(28): warning C4244: '=' : conversion from 'float' to 'GLint', possible loss of data
     1>c:\users\micah\documents\visual studio 2010\projects\collision\784\Grid2D.h(67): warning C4018: '<' : signed/unsigned mismatch
     1>c:\users\micah\documents\visual studio 2010\projects\collision\784\Grid2D.h(125): warning C4018: '<' : signed/unsigned mismatch
     1>c:\users\micah\documents\visual studio 2010\projects\collision\784\helpers.h(271): warning C4146: unary minus operator applied to unsigned type, result still unsigned
                 c:\users\micah\documents\visual studio 2010\projects\collision\784\MyTerrain.h(60) : see reference to function template instantiation 'std::vector<_Ty> gridIndices<MyTerrain::I>(I,I,bool,bool)' being compiled
                 with
                 [
                     _Ty=GLuint,
                     I=MyTerrain::I
                 ]
         main.cpp
     1>C:\Users\micah\Documents\Visual Studio 2010\Projects\Collision\784\include\GL/glui.h(868): warning C4244: 'argument' : conversion from 'double' to 'GLfloat', possible loss of data
     1>C:\Users\micah\Documents\Visual Studio 2010\Projects\Collision\784\include\GL/glui.h(868): warning C4244: 'argument' : conversion from 'double' to 'GLfloat', possible loss of data
     1>c:\users\micah\documents\visual studio 2010\projects\collision\784\Viewport.h(25): warning C4244: '=' : conversion from 'float' to 'GLint', possible loss of data
     1>c:\users\micah\documents\visual studio 2010\projects\collision\784\Viewport.h(26): warning C4244: '=' : conversion from 'float' to 'GLint', possible loss of data
     1>c:\users\micah\documents\visual studio 2010\projects\collision\784\Viewport.h(27): warning C4244: '=' : conversion from 'float' to 'GLint', possible loss of data
     1>c:\users\micah\documents\visual studio 2010\projects\collision\784\Viewport.h(28): warning C4244: '=' : conversion from 'float' to 'GLint', possible loss of data
     1>c:\users\micah\documents\visual studio 2010\projects\collision\784\Grid2D.h(67): warning C4018: '<' : signed/unsigned mismatch
     1>c:\users\micah\documents\visual studio 2010\projects\collision\784\Grid2D.h(125): warning C4018: '<' : signed/unsigned mismatch
     1>c:\users\micah\documents\visual studio 2010\projects\collision\784\Surface.h(257): warning C4146: unary minus operator applied to unsigned type, result still unsigned
     1>c:\users\micah\documents\visual studio 2010\projects\collision\784\Surface.h(423): warning C4305: 'argument' : truncation from 'double' to 'float'
     1>c:\users\micah\documents\visual studio 2010\projects\collision\784\lab3.h(15): warning C4305: 'argument' : truncation from 'double' to 'float'
     1>c:\users\micah\documents\visual studio 2010\projects\collision\784\lab3.h(15): warning C4305: 'argument' : truncation from 'double' to 'float'
     1>c:\users\micah\documents\visual studio 2010\projects\collision\784\lab3.h(16): warning C4305: 'argument' : truncation from 'double' to 'float'
     1>c:\users\micah\documents\visual studio 2010\projects\collision\784\lab3.h(16): warning C4305: 'argument' : truncation from 'double' to 'float'
     1>main.cpp(47): warning C4244: 'argument' : conversion from 'time_t' to 'unsigned int', possible loss of data
     1>c:\users\micah\documents\visual studio 2010\projects\collision\784\helpers.h(271): warning C4146: unary minus operator applied to unsigned type, result still unsigned
                 c:\users\micah\documents\visual studio 2010\projects\collision\784\MyTerrain.h(60) : see reference to function template instantiation 'std::vector<_Ty> gridIndices<MyTerrain::I>(I,I,bool,bool)' being compiled
                 with
                 [
                     _Ty=GLuint,
                     I=MyTerrain::I
                 ]
         GLState.cpp
     1>C:\Users\micah\Documents\Visual Studio 2010\Projects\Collision\784\include\GL/glui.h(868): warning C4244: 'argument' : conversion from 'double' to 'GLfloat', possible loss of data
     1>C:\Users\micah\Documents\Visual Studio 2010\Projects\Collision\784\include\GL/glui.h(868): warning C4244: 'argument' : conversion from 'double' to 'GLfloat', possible loss of data
     1>c:\users\micah\documents\visual studio 2010\projects\collision\784\Viewport.h(25): warning C4244: '=' : conversion from 'float' to 'GLint', possible loss of data
     1>c:\users\micah\documents\visual studio 2010\projects\collision\784\Viewport.h(26): warning C4244: '=' : conversion from 'float' to 'GLint', possible loss of data
     1>c:\users\micah\documents\visual studio 2010\projects\collision\784\Viewport.h(27): warning C4244: '=' : conversion from 'float' to 'GLint', possible loss of data
     1>c:\users\micah\documents\visual studio 2010\projects\collision\784\Viewport.h(28): warning C4244: '=' : conversion from 'float' to 'GLint', possible loss of data
     1>c:\users\micah\documents\visual studio 2010\projects\collision\784\Grid2D.h(67): warning C4018: '<' : signed/unsigned mismatch
     1>c:\users\micah\documents\visual studio 2010\projects\collision\784\Grid2D.h(125): warning C4018: '<' : signed/unsigned mismatch
     1>c:\users\micah\documents\visual studio 2010\projects\collision\784\helpers.h(271): warning C4146: unary minus operator applied to unsigned type, result still unsigned
                 c:\users\micah\documents\visual studio 2010\projects\collision\784\MyTerrain.h(60) : see reference to function template instantiation 'std::vector<_Ty> gridIndices<MyTerrain::I>(I,I,bool,bool)' being compiled
                 with
                 [
                     _Ty=GLuint,
                     I=MyTerrain::I
                 ]
       Link:
         c:\Program Files (x86)\Microsoft Visual Studio 10.0\VC\bin\link.exe /ERRORREPORT:PROMPT /OUT:"C:\Users\micah\Documents\Visual Studio 2010\Projects\Collision\Release\collision.exe" /NOLOGO /LIBPATH:"C:\Users\micah\Documents\Visual Studio 2010\Projects\Collision\784\lib\bullet\Release" /LIBPATH:"C:\Users\micah\Documents\Visual Studio 2010\Projects\Collision\784\\lib" freeglut.lib glew32.lib DevIL.lib ILU.lib ILUT.lib glui32.lib BulletDynamics.lib BulletCollision.lib LinearMath.lib /MANIFEST /ManifestFile:"Release\collision.exe.intermediate.manifest" /MANIFESTUAC:"level='asInvoker' uiAccess='false'" /DEBUG /PDB:"C:\Users\micah\Documents\Visual Studio 2010\Projects\Collision\Release\collision.pdb" /OPT:REF /OPT:ICF /LTCG /TLBID:1 /DYNAMICBASE /NXCOMPAT /IMPLIB:"C:\Users\micah\Documents\Visual Studio 2010\Projects\Collision\Release\collision.lib" /MACHINE:X86 Release\Clock.obj
         Release\helpers.obj
         Release\main.obj
         Release\GLState.obj
         Generating code
         Finished generating code
     1>glui32.lib(algebra3.obj) : warning LNK4099: PDB 'vc100.pdb' was not found with 'glui32.lib(algebra3.obj)' or at 'C:\Users\micah\Documents\Visual Studio 2010\Projects\Collision\Release\vc100.pdb'; linking object as if no debug info
     1>glui32.lib(arcball.obj) : warning LNK4099: PDB 'vc100.pdb' was not found with 'glui32.lib(arcball.obj)' or at 'C:\Users\micah\Documents\Visual Studio 2010\Projects\Collision\Release\vc100.pdb'; linking object as if no debug info
     1>glui32.lib(glui.obj) : warning LNK4099: PDB 'vc100.pdb' was not found with 'glui32.lib(glui.obj)' or at 'C:\Users\micah\Documents\Visual Studio 2010\Projects\Collision\Release\vc100.pdb'; linking object as if no debug info
     1>glui32.lib(glui_add_controls.obj) : warning LNK4099: PDB 'vc100.pdb' was not found with 'glui32.lib(glui_add_controls.obj)' or at 'C:\Users\micah\Documents\Visual Studio 2010\Projects\Collision\Release\vc100.pdb'; linking object as if no debug info
     1>glui32.lib(glui_bitmap_img_data.obj) : warning LNK4099: PDB 'vc100.pdb' was not found with 'glui32.lib(glui_bitmap_img_data.obj)' or at 'C:\Users\micah\Documents\Visual Studio 2010\Projects\Collision\Release\vc100.pdb'; linking object as if no debug info
     1>glui32.lib(glui_bitmaps.obj) : warning LNK4099: PDB 'vc100.pdb' was not found with 'glui32.lib(glui_bitmaps.obj)' or at 'C:\Users\micah\Documents\Visual Studio 2010\Projects\Collision\Release\vc100.pdb'; linking object as if no debug info
     1>glui32.lib(glui_button.obj) : warning LNK4099: PDB 'vc100.pdb' was not found with 'glui32.lib(glui_button.obj)' or at 'C:\Users\micah\Documents\Visual Studio 2010\Projects\Collision\Release\vc100.pdb'; linking object as if no debug info
     1>glui32.lib(glui_checkbox.obj) : warning LNK4099: PDB 'vc100.pdb' was not found with 'glui32.lib(glui_checkbox.obj)' or at 'C:\Users\micah\Documents\Visual Studio 2010\Projects\Collision\Release\vc100.pdb'; linking object as if no debug info
     1>glui32.lib(glui_column.obj) : warning LNK4099: PDB 'vc100.pdb' was not found with 'glui32.lib(glui_column.obj)' or at 'C:\Users\micah\Documents\Visual Studio 2010\Projects\Collision\Release\vc100.pdb'; linking object as if no debug info
     1>glui32.lib(glui_control.obj) : warning LNK4099: PDB 'vc100.pdb' was not found with 'glui32.lib(glui_control.obj)' or at 'C:\Users\micah\Documents\Visual Studio 2010\Projects\Collision\Release\vc100.pdb'; linking object as if no debug info
     1>glui32.lib(glui_edittext.obj) : warning LNK4099: PDB 'vc100.pdb' was not found with 'glui32.lib(glui_edittext.obj)' or at 'C:\Users\micah\Documents\Visual Studio 2010\Projects\Collision\Release\vc100.pdb'; linking object as if no debug info
     1>glui32.lib(glui_listbox.obj) : warning LNK4099: PDB 'vc100.pdb' was not found with 'glui32.lib(glui_listbox.obj)' or at 'C:\Users\micah\Documents\Visual Studio 2010\Projects\Collision\Release\vc100.pdb'; linking object as if no debug info
     1>glui32.lib(glui_mouse_iaction.obj) : warning LNK4099: PDB 'vc100.pdb' was not found with 'glui32.lib(glui_mouse_iaction.obj)' or at 'C:\Users\micah\Documents\Visual Studio 2010\Projects\Collision\Release\vc100.pdb'; linking object as if no debug info
     1>glui32.lib(glui_node.obj) : warning LNK4099: PDB 'vc100.pdb' was not found with 'glui32.lib(glui_node.obj)' or at 'C:\Users\micah\Documents\Visual Studio 2010\Projects\Collision\Release\vc100.pdb'; linking object as if no debug info
     1>glui32.lib(glui_panel.obj) : warning LNK4099: PDB 'vc100.pdb' was not found with 'glui32.lib(glui_panel.obj)' or at 'C:\Users\micah\Documents\Visual Studio 2010\Projects\Collision\Release\vc100.pdb'; linking object as if no debug info
     1>glui32.lib(glui_radio.obj) : warning LNK4099: PDB 'vc100.pdb' was not found with 'glui32.lib(glui_radio.obj)' or at 'C:\Users\micah\Documents\Visual Studio 2010\Projects\Collision\Release\vc100.pdb'; linking object as if no debug info
     1>glui32.lib(glui_rollout.obj) : warning LNK4099: PDB 'vc100.pdb' was not found with 'glui32.lib(glui_rollout.obj)' or at 'C:\Users\micah\Documents\Visual Studio 2010\Projects\Collision\Release\vc100.pdb'; linking object as if no debug info
     1>glui32.lib(glui_rotation.obj) : warning LNK4099: PDB 'vc100.pdb' was not found with 'glui32.lib(glui_rotation.obj)' or at 'C:\Users\micah\Documents\Visual Studio 2010\Projects\Collision\Release\vc100.pdb'; linking object as if no debug info
     1>glui32.lib(glui_separator.obj) : warning LNK4099: PDB 'vc100.pdb' was not found with 'glui32.lib(glui_separator.obj)' or at 'C:\Users\micah\Documents\Visual Studio 2010\Projects\Collision\Release\vc100.pdb'; linking object as if no debug info
     1>glui32.lib(glui_spinner.obj) : warning LNK4099: PDB 'vc100.pdb' was not found with 'glui32.lib(glui_spinner.obj)' or at 'C:\Users\micah\Documents\Visual Studio 2010\Projects\Collision\Release\vc100.pdb'; linking object as if no debug info
     1>glui32.lib(glui_statictext.obj) : warning LNK4099: PDB 'vc100.pdb' was not found with 'glui32.lib(glui_statictext.obj)' or at 'C:\Users\micah\Documents\Visual Studio 2010\Projects\Collision\Release\vc100.pdb'; linking object as if no debug info
     1>glui32.lib(glui_string.obj) : warning LNK4099: PDB 'vc100.pdb' was not found with 'glui32.lib(glui_string.obj)' or at 'C:\Users\micah\Documents\Visual Studio 2010\Projects\Collision\Release\vc100.pdb'; linking object as if no debug info
     1>glui32.lib(glui_translation.obj) : warning LNK4099: PDB 'vc100.pdb' was not found with 'glui32.lib(glui_translation.obj)' or at 'C:\Users\micah\Documents\Visual Studio 2010\Projects\Collision\Release\vc100.pdb'; linking object as if no debug info
     1>glui32.lib(glui_window.obj) : warning LNK4099: PDB 'vc100.pdb' was not found with 'glui32.lib(glui_window.obj)' or at 'C:\Users\micah\Documents\Visual Studio 2010\Projects\Collision\Release\vc100.pdb'; linking object as if no debug info
     1>glui32.lib(quaternion.obj) : warning LNK4099: PDB 'vc100.pdb' was not found with 'glui32.lib(quaternion.obj)' or at 'C:\Users\micah\Documents\Visual Studio 2010\Projects\Collision\Release\vc100.pdb'; linking object as if no debug info
         784.vcxproj -> C:\Users\micah\Documents\Visual Studio 2010\Projects\Collision\Release\collision.exe
       Manifest:
         C:\Program Files (x86)\Microsoft SDKs\Windows\v7.0A\bin\mt.exe /nologo /verbose /outputresource:"C:\Users\micah\Documents\Visual Studio 2010\Projects\Collision\Release\collision.exe;#1" /manifest Release\collision.exe.intermediate.manifest
       FinalizeBuildStatus:
         Deleting file "Release\collision.unsuccessfulbuild".
         Touching "Release\collision.lastbuildstate".
     1>Done Building Project "C:\Users\micah\Documents\Visual Studio 2010\Projects\Collision\784\784.vcxproj" (build target(s)).

Build succeeded.

Time Elapsed 00:00:09.48
